2016-07-21 07:16:20 [127.0.0.1][-][-][error][yii\web\HttpException:404] exception 'yii\base\InvalidRouteException' with message 'Unable to resolve the request "".' in C:\OpenServer\domains\yii2\protected\vendor\yiisoft\yii2\base\Module.php:460
Stack trace:
#0 C:\OpenServer\domains\yii2\protected\vendor\yiisoft\yii2\web\Application.php(87): yii\base\Module->runAction('', Array)
#1 C:\OpenServer\domains\yii2\protected\vendor\yiisoft\yii2\base\Application.php(375): yii\web\Application->handleRequest(Object(yii\web\Request))
#2 C:\OpenServer\domains\yii2\index.php(12): yii\base\Application->run()
#3 {main}

Next exception 'yii\web\NotFoundHttpException' with message 'Page not found.' in C:\OpenServer\domains\yii2\protected\vendor\yiisoft\yii2\web\Application.php:99
Stack trace:
#0 C:\OpenServer\domains\yii2\protected\vendor\yiisoft\yii2\base\Application.php(375): yii\web\Application->handleRequest(Object(yii\web\Request))
#1 C:\OpenServer\domains\yii2\index.php(12): yii\base\Application->run()
#2 {main}
2016-07-21 07:16:20 [127.0.0.1][-][-][info][application] $_COOKIE = [
    '_csrf' => '9cb6e19a8c02a2da5af159824708db5f943e4f4c39f7dba5a233bb08ef2772b2a:2:{i:0;s:5:\"_csrf\";i:1;s:32:\"feXNwczXZ56T3xRFbH6Bre3_1VIKeWuA\";}'
    'PHPSESSID' => '04u9cn5c1f20od808me3jlm5u0'
]

$_SERVER = [
    'HTTP_HOST' => 'yii2'
    'HTTP_CONNECTION' => 'keep-alive'
    'HTTP_CACHE_CONTROL' => 'max-age=0'
    'HTTP_UPGRADE_INSECURE_REQUESTS' => '1'
    'HTTP_USER_AGENT' => 'Mozilla/5.0 (Windows NT 6.1; WOW64) AppleWebKit/537.36 (KHTML, like Gecko) Chrome/51.0.2704.103 Safari/537.36'
    'HTTP_ACCEPT' => 'text/html,application/xhtml+xml,application/xml;q=0.9,image/webp,*/*;q=0.8'
    'HTTP_ACCEPT_ENCODING' => 'gzip, deflate, sdch'
    'HTTP_ACCEPT_LANGUAGE' => 'ru-RU,ru;q=0.8,en-US;q=0.6,en;q=0.4'
    'HTTP_COOKIE' => '_csrf=9cb6e19a8c02a2da5af159824708db5f943e4f4c39f7dba5a233bb08ef2772b2a%3A2%3A%7Bi%3A0%3Bs%3A5%3A%22_csrf%22%3Bi%3A1%3Bs%3A32%3A%22feXNwczXZ56T3xRFbH6Bre3_1VIKeWuA%22%3B%7D; PHPSESSID=04u9cn5c1f20od808me3jlm5u0'
    'PATH' => 'c:\\openserver\\modules\\php\\PHP-5.4\\ext;c:\\openserver\\modules\\php\\PHP-5.4\\pear;c:\\openserver\\modules\\php\\PHP-5.4\\pear\\bin;c:\\openserver\\modules\\php\\PHP-5.4;c:\\openserver\\modules\\imagemagick;c:\\openserver\\modules\\wget\\bin;c:\\openserver\\modules\\git;c:\\openserver\\modules\\git\\bin;c:\\openserver\\modules\\git\\mingw\\bin;c:\\openserver\\modules\\git\\cmd;c:\\openserver\\modules\\database\\MySQL-5.5\\bin;c:\\openserver\\modules\\http\\Apache-2.2\\bin;c:\\openserver\\modules\\http\\Apache-2.2;C:\\Windows\\system32;C:\\Windows;C:\\Windows\\system32\\Wbem;C:\\Windows\\SysWOW64'
    'SystemRoot' => 'C:\\Windows'
    'COMSPEC' => 'C:\\Windows\\system32\\cmd.exe'
    'PATHEXT' => '.COM;.EXE;.BAT;.CMD;.VBS;.VBE;.JS;.JSE;.WSF;.WSH;.MSC'
    'WINDIR' => 'C:\\Windows'
    'SERVER_SIGNATURE' => ''
    'SERVER_SOFTWARE' => 'Apache/2.2.31 (Win32)'
    'SERVER_NAME' => 'yii2'
    'SERVER_ADDR' => '127.0.0.1'
    'SERVER_PORT' => '80'
    'REMOTE_ADDR' => '127.0.0.1'
    'DOCUMENT_ROOT' => 'C:/OpenServer/domains/yii2'
    'SERVER_ADMIN' => '[no address given]'
    'SCRIPT_FILENAME' => 'C:/OpenServer/domains/yii2/index.php'
    'REMOTE_PORT' => '1901'
    'GATEWAY_INTERFACE' => 'CGI/1.1'
    'SERVER_PROTOCOL' => 'HTTP/1.1'
    'REQUEST_METHOD' => 'GET'
    'QUERY_STRING' => ''
    'REQUEST_URI' => '/index.php'
    'SCRIPT_NAME' => '/index.php'
    'PHP_SELF' => '/index.php'
    'REQUEST_TIME_FLOAT' => 1469074580.239
    'REQUEST_TIME' => 1469074580
    'argv' => []
    'argc' => 0
]
